#
# A fatal error has been detected by the Java Runtime Environment:
#
#  Internal Error (javaClasses.cpp:124), pid=2208, tid=3352
#  fatal error: Invalid layout of preloaded class
#
# JRE version:  (8.0-b132) (build )
# Java VM: Java HotSpot(TM) 64-Bit Server VM (25.0-b70 mixed mode windows-amd64 compressed oops)
# Failed to write core dump. Minidumps are not enabled by default on client versions of Windows
#
# If you would like to submit a bug report, please visit:
#   http://bugreport.sun.com/bugreport/crash.jsp
#

---------------  T H R E A D  ---------------

Current thread (0x00000000020e0800):  JavaThread "Unknown thread" [_thread_in_vm, id=3352, stack(0x0000000001fe0000,0x00000000020e0000)]

Stack: [0x0000000001fe0000,0x00000000020e0000]
Native frames: (J=compiled Java code, j=interpreted, Vv=VM code, C=native code)
V  [jvm.dll+0x308e0a]
V  [jvm.dll+0x25df11]
V  [jvm.dll+0x25eb2f]
V  [jvm.dll+0x256486]
V  [jvm.dll+0x5d36c]
V  [jvm.dll+0x5d463]
V  [jvm.dll+0x71d5a]
V  [jvm.dll+0x720b8]
V  [jvm.dll+0xe1637]
V  [jvm.dll+0xe19c6]
V  [jvm.dll+0x1f1407]
V  [jvm.dll+0x2227e4]
V  [jvm.dll+0x149f91]
C  [javaw.exe+0x208a]
C  [javaw.exe+0xc9db]
C  [javaw.exe+0xca6f]
C  [KERNEL32.DLL+0x16ad]
C  [ntdll.dll+0x6eb64]


---------------  P R O C E S S  ---------------

Java Threads: ( => current thread )

Other Threads:

=>0x00000000020e0800 (exited) JavaThread "Unknown thread" [_thread_in_vm, id=3352, stack(0x0000000001fe0000,0x00000000020e0000)]

VM state:not at safepoint (not fully initialized)

VM Mutex/Monitor currently owned by a thread: None

GC Heap History (0 events):
No events

Deoptimization events (0 events):
No events

Internal exceptions (0 events):
No events

Events (10 events):
Event: 0.011 loading class java/lang/CharSequence done
Event: 0.011 loading class java/lang/String done
Event: 0.011 loading class java/lang/Class
Event: 0.011 loading class java/lang/reflect/AnnotatedElement
Event: 0.011 loading class java/lang/reflect/AnnotatedElement done
Event: 0.011 loading class java/lang/reflect/GenericDeclaration
Event: 0.011 loading class java/lang/reflect/GenericDeclaration done
Event: 0.011 loading class java/lang/reflect/Type
Event: 0.011 loading class java/lang/reflect/Type done
Event: 0.011 loading class java/lang/Class done


Dynamic libraries:
0x00007ff766fd0000 - 0x00007ff767004000 	C:\Program Files\Java\jre8\bin\javaw.exe
0x00007ffd6b250000 - 0x00007ffd6b3fc000 	C:\WINDOWS\SYSTEM32\ntdll.dll
0x00007ffd6aa40000 - 0x00007ffd6ab7a000 	C:\WINDOWS\system32\KERNEL32.DLL
0x00007ffd68690000 - 0x00007ffd6879f000 	C:\WINDOWS\system32\KERNELBASE.dll
0x00007ffd667b0000 - 0x00007ffd66838000 	C:\WINDOWS\system32\apphelp.dll
0x00007ffd581a0000 - 0x00007ffd581ef000 	C:\WINDOWS\AppPatch\AppPatch64\AcGenral.DLL
0x00007ffd6ab80000 - 0x00007ffd6ac27000 	C:\WINDOWS\system32\msvcrt.dll
0x00007ffd68470000 - 0x00007ffd6849b000 	C:\WINDOWS\SYSTEM32\SspiCli.dll
0x00007ffd6ac30000 - 0x00007ffd6ac81000 	C:\WINDOWS\system32\SHLWAPI.dll
0x00007ffd68f50000 - 0x00007ffd690c1000 	C:\WINDOWS\system32\USER32.dll
0x00007ffd68c70000 - 0x00007ffd68de8000 	C:\WINDOWS\system32\ole32.dll
0x00007ffd691b0000 - 0x00007ffd6a5bf000 	C:\WINDOWS\system32\SHELL32.dll
0x00007ffd67bb0000 - 0x00007ffd67bce000 	C:\WINDOWS\SYSTEM32\USERENV.dll
0x00007ffd68ea0000 - 0x00007ffd68f45000 	C:\WINDOWS\system32\ADVAPI32.dll
0x00007ffd5ce30000 - 0x00007ffd5ce4b000 	C:\WINDOWS\SYSTEM32\MPR.dll
0x00007ffd68b30000 - 0x00007ffd68c67000 	C:\WINDOWS\system32\RPCRT4.dll
0x00007ffd6a990000 - 0x00007ffd6a9e7000 	C:\WINDOWS\SYSTEM32\sechost.dll
0x00007ffd6b070000 - 0x00007ffd6b246000 	C:\WINDOWS\SYSTEM32\combase.dll
0x00007ffd6a5c0000 - 0x00007ffd6a704000 	C:\WINDOWS\system32\GDI32.dll
0x00007ffd685c0000 - 0x00007ffd685d4000 	C:\WINDOWS\SYSTEM32\profapi.dll
0x00007ffd66bb0000 - 0x00007ffd66c4f000 	C:\WINDOWS\SYSTEM32\SHCORE.dll
0x00007ffd6a9f0000 - 0x00007ffd6aa24000 	C:\WINDOWS\system32\IMM32.DLL
0x00007ffd6af30000 - 0x00007ffd6b069000 	C:\WINDOWS\system32\MSCTF.dll
0x00007ffd65430000 - 0x00007ffd6568a000 	C:\WINDOWS\WinSxS\amd64_microsoft.windows.common-controls_6595b64144ccf1df_6.0.9600.17031_none_6242a4b3ecbb55a1\COMCTL32.dll
0x0000000050100000 - 0x00000000501d2000 	C:\Program Files\Java\jre8\bin\msvcr100.dll
0x0000000076f40000 - 0x000000007776a000 	C:\Program Files\Java\jre8\bin\server\jvm.dll
0x00007ffd5dfb0000 - 0x00007ffd5dfb9000 	C:\WINDOWS\SYSTEM32\WSOCK32.dll
0x00007ffd5d7b0000 - 0x00007ffd5d7cf000 	C:\WINDOWS\SYSTEM32\WINMM.dll
0x00007ffd6a960000 - 0x00007ffd6a967000 	C:\WINDOWS\system32\PSAPI.DLL
0x00007ffd6ac90000 - 0x00007ffd6ace8000 	C:\WINDOWS\system32\WS2_32.dll
0x00007ffd5d780000 - 0x00007ffd5d7aa000 	C:\WINDOWS\SYSTEM32\WINMMBASE.dll
0x00007ffd690d0000 - 0x00007ffd690d9000 	C:\WINDOWS\system32\NSI.dll
0x00007ffd68a80000 - 0x00007ffd68aca000 	C:\WINDOWS\SYSTEM32\cfgmgr32.dll
0x00007ffd67420000 - 0x00007ffd67446000 	C:\WINDOWS\SYSTEM32\DEVOBJ.dll
0x00000000500f0000 - 0x00000000500ff000 	C:\Program Files\Java\jre8\bin\verify.dll
0x00000000500c0000 - 0x00000000500e8000 	C:\Program Files\Java\jre8\bin\java.dll
0x00000000500a0000 - 0x00000000500b6000 	C:\Program Files\Java\jre8\bin\zip.dll
0x00007ffd64380000 - 0x00007ffd64508000 	C:\WINDOWS\SYSTEM32\dbghelp.dll

VM Arguments:
jvm_args: -Dfile.encoding=Cp1252 -Xbootclasspath:H:\Android\sdk\platforms\android-19\android.jar 
java_command: ftis.unpar.ejuklakapp.Tester
java_class_path (initial): C:\Users\admin7\git\eJuklak\eJuklakApp\bin\classes;C:\Users\admin7\git\eJuklak\eJuklakApp\appcompat_v7\libs\android-support-v4.jar;C:\Users\admin7\git\eJuklak\eJuklakApp\appcompat_v7\libs\android-support-v7-appcompat.jar;C:\Users\admin7\git\eJuklak\eJuklakApp\appcompat_v7\bin\android-support-v7-appcompat.jar
Launcher Type: SUN_STANDARD

Environment Variables:
PATH=C:\WINDOWS\system32;C:\WINDOWS;C:\WINDOWS\System32\Wbem;C:\WINDOWS\System32\WindowsPowerShell\v1.0\;C:\Program Files (x86)\ATI Technologies\ATI.ACE\Core-Static;C:\Program Files\TortoiseGit\bin;C:\Program Files\Java\jdk1.7.0\bin
USERNAME=ADMIN7
OS=Windows_NT
PROCESSOR_IDENTIFIER=Intel64 Family 6 Model 37 Stepping 5, GenuineIntel



---------------  S Y S T E M  ---------------

OS: Windows 8.1 , 64 bit Build 9600 

CPU:total 4 (2 cores per cpu, 2 threads per core) family 6 model 37 stepping 5, cmov, cx8, fxsr, mmx, sse, sse2, sse3, ssse3, sse4.1, sse4.2, popcnt, ht, tsc, tscinvbit

Memory: 4k page, physical 2022512k(195340k free), swap 3755952k(640540k free)

vm_info: Java HotSpot(TM) 64-Bit Server VM (25.0-b70) for windows-amd64 JRE (1.8.0-b132), built on Mar  4 2014 03:46:18 by "java_re" with MS VC++ 10.0 (VS2010)

time: Tue Feb 24 08:46:20 2015
elapsed time: 0 seconds

